<?xml version="1.0" encoding="UTF-8"?>
<!-- Generated by org.testng.reporters.JUnitReportReporter -->
<testsuite hostname="DESKTOP-DR79NDU" failures="0" tests="2" name="com.actitime.scripts.LoginTest" time="56.807" errors="0" timestamp="17 Nov 2020 11:31:56 GMT" skipped="0">
  <testcase classname="com.actitime.scripts.LoginTest" name="InvalidLogin" time="26.456"/>
  <testcase classname="com.actitime.scripts.LoginTest" name="validLogin" time="30.351"/>
</testsuite> <!-- com.actitime.scripts.LoginTest -->
