<?xml version="1.0" encoding="UTF-8"?>
<!-- Generated by org.testng.reporters.JUnitReportReporter -->
<testsuite skipped="0" hostname="DESKTOP-DR79NDU" name="com.actitime.scripts.TasksTest" tests="2" failures="0" timestamp="24 Dec 2020 06:45:16 GMT" time="120.297" errors="0">
  <testcase name="deleteCustomer" time="74.597" classname="com.actitime.scripts.TasksTest"/>
  <testcase name="createCustomer" time="45.700" classname="com.actitime.scripts.TasksTest"/>
</testsuite> <!-- com.actitime.scripts.TasksTest -->
