<?xml version="1.0" encoding="UTF-8"?>
<!-- Generated by org.testng.reporters.JUnitReportReporter -->
<testsuite hostname="DESKTOP-DR79NDU" failures="0" tests="2" name="com.actitime.scripts.TasksTest" time="103.621" errors="0" timestamp="17 Nov 2020 11:31:56 GMT" skipped="0">
  <testcase classname="com.actitime.scripts.TasksTest" name="deleteCustomer" time="58.104"/>
  <testcase classname="com.actitime.scripts.TasksTest" name="createCustomer" time="45.517"/>
</testsuite> <!-- com.actitime.scripts.TasksTest -->
