<?xml version="1.0" encoding="UTF-8"?>
<!-- Generated by org.testng.reporters.JUnitReportReporter -->
<testsuite skipped="0" hostname="DESKTOP-DR79NDU" name="com.actitime.scripts.LoginTest" tests="2" failures="0" timestamp="24 Dec 2020 06:45:16 GMT" time="54.521" errors="0">
  <testcase name="InvalidLogin" time="21.614" classname="com.actitime.scripts.LoginTest"/>
  <testcase name="validLogin" time="32.907" classname="com.actitime.scripts.LoginTest"/>
</testsuite> <!-- com.actitime.scripts.LoginTest -->
